<?xml version="1.0" encoding="UTF-8"?>
<testng-results ignored="0" total="3" passed="3" failed="0" skipped="0">
  <reporter-output>
    <line>
      <![CDATA[Hii Github!]]>
    </line>
    <line>
      <![CDATA[Hi jenkins!]]>
    </line>
    <line>
      <![CDATA[Hii Maven!]]>
    </line>
  </reporter-output>
  <suite started-at="2025-12-03T12:30:13 IST" name="Suite" finished-at="2025-12-03T12:30:13 IST" duration-ms="84">
    <groups>
    </groups>
    <test started-at="2025-12-03T12:30:13 IST" name="Test" finished-at="2025-12-03T12:30:13 IST" duration-ms="84">
      <class name="maven.MavenPracticeTest">
        <test-method signature="mavenPracticeTest()[pri:0, instance:maven.MavenPracticeTest@2ea41516]" started-at="2025-12-03T12:30:13 IST" name="mavenPracticeTest" finished-at="2025-12-03T12:30:13 IST" duration-ms="3" status="PASS">
          <reporter-output>
            <line>
              <![CDATA[Hii Maven!]]>
            </line>
          </reporter-output>
        </test-method> <!-- mavenPracticeTest -->
      </class> <!-- maven.MavenPracticeTest -->
      <class name="jenkins.JenkinsPracticeTest">
        <test-method signature="jenkinsPracticeTest()[pri:0, instance:jenkins.JenkinsPracticeTest@3ee37e5a]" started-at="2025-12-03T12:30:13 IST" name="jenkinsPracticeTest" finished-at="2025-12-03T12:30:13 IST" duration-ms="1" status="PASS">
          <reporter-output>
            <line>
              <![CDATA[Hi jenkins!]]>
            </line>
          </reporter-output>
        </test-method> <!-- jenkinsPracticeTest -->
      </class> <!-- jenkins.JenkinsPracticeTest -->
      <class name="github.GithubPracticeTest">
        <test-method signature="githubPractice()[pri:0, instance:github.GithubPracticeTest@2ed2d9cb]" started-at="2025-12-03T12:30:13 IST" name="githubPractice" finished-at="2025-12-03T12:30:13 IST" duration-ms="11" status="PASS">
          <reporter-output>
            <line>
              <![CDATA[Hii Github!]]>
            </line>
          </reporter-output>
        </test-method> <!-- githubPractice -->
      </class> <!-- github.GithubPracticeTest -->
    </test> <!-- Test -->
  </suite> <!-- Suite -->
</testng-results>
