<?xml version="1.0" encoding="UTF-8"?>
<!-- Generated by org.testng.reporters.JUnitReportReporter -->
<testsuite hostname="DESKTOP-FVL347C" failures="0" tests="1" name="jenkins.JenkinsPracticeTest" time="0.001" errors="0" timestamp="2025-12-03T12:30:13 IST" skipped="0">
  <testcase classname="jenkins.JenkinsPracticeTest" name="jenkinsPracticeTest" time="0.001">
    <system-out>
      <![CDATA[Hi jenkins!]]>
    </system-out>
  </testcase> <!-- jenkinsPracticeTest -->
  <system-out>
    <![CDATA[Hii Github!
Hi jenkins!
Hii Maven!]]>
  </system-out>
</testsuite> <!-- jenkins.JenkinsPracticeTest -->
