<?xml version="1.0" encoding="UTF-8"?>
<!-- Generated by org.testng.reporters.JUnitReportReporter -->
<testsuite hostname="DESKTOP-FVL347C" failures="0" tests="1" name="maven.MavenPracticeTest" time="0.003" errors="0" timestamp="2025-12-03T12:30:13 IST" skipped="0">
  <testcase classname="maven.MavenPracticeTest" name="mavenPracticeTest" time="0.003">
    <system-out>
      <![CDATA[Hii Maven!]]>
    </system-out>
  </testcase> <!-- mavenPracticeTest -->
  <system-out>
    <![CDATA[Hii Github!
Hi jenkins!
Hii Maven!]]>
  </system-out>
</testsuite> <!-- maven.MavenPracticeTest -->
