<?xml version="1.0" encoding="UTF-8"?>
<!-- Generated by org.testng.reporters.JUnitReportReporter -->
<testsuite hostname="DESKTOP-FVL347C" failures="0" tests="1" name="github.GithubPracticeTest" time="0.011" errors="0" timestamp="2025-12-03T12:30:13 IST" skipped="0">
  <testcase classname="github.GithubPracticeTest" name="githubPractice" time="0.011">
    <system-out>
      <![CDATA[Hii Github!]]>
    </system-out>
  </testcase> <!-- githubPractice -->
  <system-out>
    <![CDATA[Hii Github!
Hi jenkins!
Hii Maven!]]>
  </system-out>
</testsuite> <!-- github.GithubPracticeTest -->
